<?xml version="1.0" encoding="UTF-8"?>
<!-- Generated by org.testng.reporters.JUnitReportReporter -->
<testsuite hostname="IN-PG02A5LG" failures="0" tests="1" name="baseTest.BaseTest" time="0.009" errors="0" timestamp="2022-08-17T16:15:53 IST" skipped="0">
  <testcase classname="baseTest.BaseTest" name="utilsTest" time="0.009"/>
  <system-out/>
</testsuite> <!-- baseTest.BaseTest -->
