<?xml version="1.0" encoding="UTF-8"?>
<!-- Generated by org.testng.reporters.JUnitReportReporter -->
<testsuite hostname="IN-PG02A5LG" failures="0" tests="1" name="RestAssuredAPI.Assignment.GetRequestAutomation" time="1.968" errors="0" timestamp="2022-08-16T22:49:14 IST" skipped="0">
  <testcase classname="RestAssuredAPI.Assignment.GetRequestAutomation" name="getRequestAutomation" time="1.968"/>
  <system-out/>
</testsuite> <!-- RestAssuredAPI.Assignment.GetRequestAutomation -->
