<?xml version="1.0" encoding="UTF-8"?>
<!-- Generated by org.testng.reporters.JUnitReportReporter -->
<testsuite hostname="IN-PG02A5LG" failures="0" tests="1" name="RestAssuredAPI.Assignment.PostRequestAutomation" time="2.391" errors="0" timestamp="2022-08-16T23:03:56 IST" skipped="0">
  <testcase classname="RestAssuredAPI.Assignment.PostRequestAutomation" name="postRequestAutomation" time="2.391"/>
  <system-out/>
</testsuite> <!-- RestAssuredAPI.Assignment.PostRequestAutomation -->
